Performing C++ SOURCE FILE Test CMAKE_HAVE_LIBC_PTHREAD failed with the following output:
Change Dir: C:/Users/조혜형/git/opengl/build/dep-spdlog-prefix/src/dep-spdlog-build/CMakeFiles/CMakeTmp

Run Build Command(s):C:/Program Files/Microsoft Visual Studio/2022/Community/MSBuild/Current/Bin/amd64/MSBuild.exe cmTC_e82a7.vcxproj /p:Configuration=Debug /p:Platform=x64 /p:VisualStudioVersion=17.0 /v:m && MSBuild version 17.4.1+9a89d02ff for .NET Framework
  Microsoft (R) C/C++ 최적화 컴파일러 버전 19.34.31937(x64)
  src.cxx
  Copyright (c) Microsoft Corporation. All rights reserved.
  cl /c /Zi /W3 /WX- /diagnostics:column /MP /Od /Ob0 /D _MBCS /D WIN32 /D _WINDOWS /D CMAKE_HAVE_LIBC_PTHREAD /D "CMAKE_INTDIR=\"Debug\"" /Gm- /EHsc /RTC1 /MDd /GS /fp:precise /Zc:wchar_t /Zc:forScope /Zc:inline /GR /Fo"cmTC_e82a7.dir\Debug\\" /Fd"cmTC_e82a7.dir\Debug\vc143.pdb" /external:W3 /Gd /TP /errorReport:queue  /Zc:__cplusplus "C:\Users\조혜형\git\opengl\build\dep-spdlog-prefix\src\dep-spdlog-build\CMakeFiles\CMakeTmp\src.cxx"
C:\Users\조혜형\git\opengl\build\dep-spdlog-prefix\src\dep-spdlog-build\CMakeFiles\CMakeTmp\src.cxx(1,10): fatal  error C1083: 포함 파일을 열 수 없습니다. 'pthread.h': No such file or directory [C:\Users\조혜형\git\opengl\build\dep-spdlog-prefix\src\dep-spdlog-build\CMakeFiles\CMakeTmp\cmTC_e82a7.vcxproj]


Source file was:
#include <pthread.h>

static void* test_func(void* data)
{
  return data;
}

int main(void)
{
  pthread_t thread;
  pthread_create(&thread, NULL, test_func, NULL);
  pthread_detach(thread);
  pthread_cancel(thread);
  pthread_join(thread, NULL);
  pthread_atfork(NULL, NULL, NULL);
  pthread_exit(NULL);

  return 0;
}

Determining if the function pthread_create exists in the pthreads failed with the following output:
Change Dir: C:/Users/조혜형/git/opengl/build/dep-spdlog-prefix/src/dep-spdlog-build/CMakeFiles/CMakeTmp

Run Build Command(s):C:/Program Files/Microsoft Visual Studio/2022/Community/MSBuild/Current/Bin/amd64/MSBuild.exe cmTC_f1c28.vcxproj /p:Configuration=Debug /p:Platform=x64 /p:VisualStudioVersion=17.0 /v:m && MSBuild version 17.4.1+9a89d02ff for .NET Framework
  Microsoft (R) C/C++ 최적화 컴파일러 버전 19.34.31937(x64)
  CheckFunctionExists.cxx
  Copyright (c) Microsoft Corporation. All rights reserved.
  cl /c /Zi /W3 /WX- /diagnostics:column /MP /Od /Ob0 /D _MBCS /D WIN32 /D _WINDOWS /D CHECK_FUNCTION_EXISTS=pthread_create /D "CMAKE_INTDIR=\"Debug\"" /Gm- /EHsc /RTC1 /MDd /GS /fp:precise /Zc:wchar_t /Zc:forScope /Zc:inline /GR /Fo"cmTC_f1c28.dir\Debug\\" /Fd"cmTC_f1c28.dir\Debug\vc143.pdb" /external:W3 /Gd /TP /errorReport:queue  /Zc:__cplusplus "C:\Users\조혜형\git\opengl\build\dep-spdlog-prefix\src\dep-spdlog-build\CMakeFiles\CheckLibraryExists\CheckFunctionExists.cxx"
LINK : fatal error LNK1104: 'pthreads.lib' 파일을 열 수 없습니다. [C:\Users\조혜형\git\opengl\build\dep-spdlog-prefix\src\dep-spdlog-build\CMakeFiles\CMakeTmp\cmTC_f1c28.vcxproj]



Determining if the function pthread_create exists in the pthread failed with the following output:
Change Dir: C:/Users/조혜형/git/opengl/build/dep-spdlog-prefix/src/dep-spdlog-build/CMakeFiles/CMakeTmp

Run Build Command(s):C:/Program Files/Microsoft Visual Studio/2022/Community/MSBuild/Current/Bin/amd64/MSBuild.exe cmTC_25de1.vcxproj /p:Configuration=Debug /p:Platform=x64 /p:VisualStudioVersion=17.0 /v:m && MSBuild version 17.4.1+9a89d02ff for .NET Framework
  Microsoft (R) C/C++ 최적화 컴파일러 버전 19.34.31937(x64)
  CheckFunctionExists.cxx
  Copyright (c) Microsoft Corporation. All rights reserved.
  cl /c /Zi /W3 /WX- /diagnostics:column /MP /Od /Ob0 /D _MBCS /D WIN32 /D _WINDOWS /D CHECK_FUNCTION_EXISTS=pthread_create /D "CMAKE_INTDIR=\"Debug\"" /Gm- /EHsc /RTC1 /MDd /GS /fp:precise /Zc:wchar_t /Zc:forScope /Zc:inline /GR /Fo"cmTC_25de1.dir\Debug\\" /Fd"cmTC_25de1.dir\Debug\vc143.pdb" /external:W3 /Gd /TP /errorReport:queue  /Zc:__cplusplus "C:\Users\조혜형\git\opengl\build\dep-spdlog-prefix\src\dep-spdlog-build\CMakeFiles\CheckLibraryExists\CheckFunctionExists.cxx"
LINK : fatal error LNK1104: 'pthread.lib' 파일을 열 수 없습니다. [C:\Users\조혜형\git\opengl\build\dep-spdlog-prefix\src\dep-spdlog-build\CMakeFiles\CMakeTmp\cmTC_25de1.vcxproj]



