Performing C SOURCE FILE Test CMAKE_HAVE_LIBC_PTHREAD failed with the following output:
Change Dir: C:/Users/조혜형/git/opengl/build/dep_glfw-prefix/src/dep_glfw-build/CMakeFiles/CMakeTmp

Run Build Command(s):C:/Program Files/Microsoft Visual Studio/2022/Community/MSBuild/Current/Bin/amd64/MSBuild.exe cmTC_d3e59.vcxproj /p:Configuration=Debug /p:Platform=x64 /p:VisualStudioVersion=17.0 /v:m && MSBuild version 17.4.1+9a89d02ff for .NET Framework
  Microsoft (R) C/C++ 최적화 컴파일러 버전 19.34.31937(x64)
  src.c
  Copyright (c) Microsoft Corporation. All rights reserved.
  cl /c /Zi /W3 /WX- /diagnostics:column /Od /Ob0 /D _MBCS /D WIN32 /D _WINDOWS /D CMAKE_HAVE_LIBC_PTHREAD /D "CMAKE_INTDIR=\"Debug\"" /Gm- /RTC1 /MDd /GS /fp:precise /Zc:wchar_t /Zc:forScope /Zc:inline /Fo"cmTC_d3e59.dir\Debug\\" /Fd"cmTC_d3e59.dir\Debug\vc143.pdb" /external:W3 /Gd /TC /errorReport:queue "C:\Users\조혜형\git\opengl\build\dep_glfw-prefix\src\dep_glfw-build\CMakeFiles\CMakeTmp\src.c"
C:\Users\조혜형\git\opengl\build\dep_glfw-prefix\src\dep_glfw-build\CMakeFiles\CMakeTmp\src.c(1,10): fatal  error C1083: 포함 파일을 열 수 없습니다. 'pthread.h': No such file or directory [C:\Users\조혜형\git\opengl\build\dep_glfw-prefix\src\dep_glfw-build\CMakeFiles\CMakeTmp\cmTC_d3e59.vcxproj]


Source file was:
#include <pthread.h>

static void* test_func(void* data)
{
  return data;
}

int main(void)
{
  pthread_t thread;
  pthread_create(&thread, NULL, test_func, NULL);
  pthread_detach(thread);
  pthread_cancel(thread);
  pthread_join(thread, NULL);
  pthread_atfork(NULL, NULL, NULL);
  pthread_exit(NULL);

  return 0;
}

Determining if the function pthread_create exists in the pthreads failed with the following output:
Change Dir: C:/Users/조혜형/git/opengl/build/dep_glfw-prefix/src/dep_glfw-build/CMakeFiles/CMakeTmp

Run Build Command(s):C:/Program Files/Microsoft Visual Studio/2022/Community/MSBuild/Current/Bin/amd64/MSBuild.exe cmTC_19b86.vcxproj /p:Configuration=Debug /p:Platform=x64 /p:VisualStudioVersion=17.0 /v:m && MSBuild version 17.4.1+9a89d02ff for .NET Framework
  Microsoft (R) C/C++ 최적화 컴파일러 버전 19.34.31937(x64)
  CheckFunctionExists.c
  Copyright (c) Microsoft Corporation. All rights reserved.
  cl /c /Zi /W3 /WX- /diagnostics:column /Od /Ob0 /D _MBCS /D WIN32 /D _WINDOWS /D CHECK_FUNCTION_EXISTS=pthread_create /D "CMAKE_INTDIR=\"Debug\"" /Gm- /RTC1 /MDd /GS /fp:precise /Zc:wchar_t /Zc:forScope /Zc:inline /Fo"cmTC_19b86.dir\Debug\\" /Fd"cmTC_19b86.dir\Debug\vc143.pdb" /external:W3 /Gd /TC /errorReport:queue "C:\Program Files\Microsoft Visual Studio\2022\Community\Common7\IDE\CommonExtensions\Microsoft\CMake\CMake\share\cmake-3.24\Modules\CheckFunctionExists.c"
LINK : fatal error LNK1104: 'pthreads.lib' 파일을 열 수 없습니다. [C:\Users\조혜형\git\opengl\build\dep_glfw-prefix\src\dep_glfw-build\CMakeFiles\CMakeTmp\cmTC_19b86.vcxproj]



Determining if the function pthread_create exists in the pthread failed with the following output:
Change Dir: C:/Users/조혜형/git/opengl/build/dep_glfw-prefix/src/dep_glfw-build/CMakeFiles/CMakeTmp

Run Build Command(s):C:/Program Files/Microsoft Visual Studio/2022/Community/MSBuild/Current/Bin/amd64/MSBuild.exe cmTC_e692a.vcxproj /p:Configuration=Debug /p:Platform=x64 /p:VisualStudioVersion=17.0 /v:m && MSBuild version 17.4.1+9a89d02ff for .NET Framework
  Microsoft (R) C/C++ 최적화 컴파일러 버전 19.34.31937(x64)
  CheckFunctionExists.c
  Copyright (c) Microsoft Corporation. All rights reserved.
  cl /c /Zi /W3 /WX- /diagnostics:column /Od /Ob0 /D _MBCS /D WIN32 /D _WINDOWS /D CHECK_FUNCTION_EXISTS=pthread_create /D "CMAKE_INTDIR=\"Debug\"" /Gm- /RTC1 /MDd /GS /fp:precise /Zc:wchar_t /Zc:forScope /Zc:inline /Fo"cmTC_e692a.dir\Debug\\" /Fd"cmTC_e692a.dir\Debug\vc143.pdb" /external:W3 /Gd /TC /errorReport:queue "C:\Program Files\Microsoft Visual Studio\2022\Community\Common7\IDE\CommonExtensions\Microsoft\CMake\CMake\share\cmake-3.24\Modules\CheckFunctionExists.c"
LINK : fatal error LNK1104: 'pthread.lib' 파일을 열 수 없습니다. [C:\Users\조혜형\git\opengl\build\dep_glfw-prefix\src\dep_glfw-build\CMakeFiles\CMakeTmp\cmTC_e692a.vcxproj]



